
*** Running vivado
    with args -log IMain.vds -m64 -product Vivado -mode batch -messageDb vivado.pb -notrace -source IMain.tcl



****** Vivado v2024.1 (64-bit)
  **** SW Build 5076996 on Wed May 22 18:37:14 MDT 2024
  **** IP Build 5075265 on Wed May 22 21:45:21 MDT 2024
  **** SharedData Build 5076995 on Wed May 22 18:29:18 MDT 2024
  **** Start of session at: Thu Dec  5 19:05:03 2024
    ** Copyright 1986-2022 Xilinx, Inc. All Rights Reserved.
    ** Copyright 2022-2024 Advanced Micro Devices, Inc. All Rights Reserved.

source IMain.tcl -notrace
create_project: Time (s): cpu = 00:00:04 ; elapsed = 00:00:09 . Memory (MB): peak = 507.918 ; gain = 198.832
Command: read_checkpoint -auto_incremental -incremental C:/Users/patri/OneDrive/Documentos/vhdl/Integrador/Artix/IMain/IMain.srcs/utils_1/imports/synth_1/IMain.dcp
INFO: [Vivado 12-5825] Read reference checkpoint from C:/Users/patri/OneDrive/Documentos/vhdl/Integrador/Artix/IMain/IMain.srcs/utils_1/imports/synth_1/IMain.dcp for incremental synthesis
INFO: [Vivado 12-7989] Please ensure there are no constraint changes
Command: synth_design -top IMain -part xc7a100tcsg324-1
Starting synth_design
Attempting to get a license for feature 'Synthesis' and/or device 'xc7a100t'
INFO: [Common 17-349] Got license for feature 'Synthesis' and/or device 'xc7a100t'
INFO: [Device 21-403] Loading part xc7a100tcsg324-1
INFO: [Device 21-9227] Part: xc7a100tcsg324-1 does not have CEAM library.
INFO: [Designutils 20-5440] No compile time benefit to using incremental synthesis; A full resynthesis will be run
INFO: [Designutils 20-4379] Flow is switching to default flow due to incremental criteria not met. If you would like to alter this behaviour and have the flow terminate instead, please set the following parameter config_implementation {autoIncr.Synth.RejectBehavior Terminate}
INFO: [Synth 8-7079] Multithreading enabled for synth_design using a maximum of 2 processes.
INFO: [Synth 8-7078] Launching helper process for spawning children vivado processes
INFO: [Synth 8-7075] Helper process launched with PID 13372
---------------------------------------------------------------------------------
Starting RTL Elaboration : Time (s): cpu = 00:00:05 ; elapsed = 00:00:06 . Memory (MB): peak = 1379.797 ; gain = 448.195
---------------------------------------------------------------------------------
INFO: [Synth 8-638] synthesizing module 'IMain' [C:/Users/patri/OneDrive/Documentos/vhdl/Integrador/Artix/IMain/IMain.srcs/sources_1/new/IMain.vhd:51]
INFO: [Synth 8-638] synthesizing module 'UaRx' [C:/Users/patri/OneDrive/Documentos/vhdl/Integrador/Artix/IMain/IMain.srcs/sources_1/new/UaRx.vhd:46]
	Parameter RxDIV bound to: 10416 - type: integer 
INFO: [Synth 8-638] synthesizing module 'BaudRateGen' [C:/Users/patri/OneDrive/Documentos/vhdl/Integrador/Artix/IMain/IMain.srcs/sources_1/new/BaudRateGen.vhd:39]
	Parameter NBits bound to: 14 - type: integer 
	Parameter Max bound to: 10416 - type: integer 
	Parameter First bound to: 5208 - type: integer 
INFO: [Synth 8-256] done synthesizing module 'BaudRateGen' (0#1) [C:/Users/patri/OneDrive/Documentos/vhdl/Integrador/Artix/IMain/IMain.srcs/sources_1/new/BaudRateGen.vhd:39]
WARNING: [Synth 8-614] signal 'synlatch' is read in the process but is not in the sensitivity list [C:/Users/patri/OneDrive/Documentos/vhdl/Integrador/Artix/IMain/IMain.srcs/sources_1/new/UaRx.vhd:74]
INFO: [Synth 8-256] done synthesizing module 'UaRx' (0#1) [C:/Users/patri/OneDrive/Documentos/vhdl/Integrador/Artix/IMain/IMain.srcs/sources_1/new/UaRx.vhd:46]
INFO: [Synth 8-638] synthesizing module 'CommProtRx' [C:/Users/patri/OneDrive/Documentos/vhdl/Integrador/Artix/IMain/IMain.srcs/sources_1/new/CommProtRx.vhd:50]
	Parameter HEADER_CHAR bound to: 68 - type: integer 
	Parameter TRAILER_CHAR bound to: 90 - type: integer 
	Parameter TIMEOUT bound to: 10000000 - type: integer 
INFO: [Synth 8-638] synthesizing module 'TTrigger' [C:/Users/patri/OneDrive/Documentos/vhdl/Integrador/Artix/IMain/IMain.srcs/sources_1/new/TTrigger.vhd:37]
	Parameter NBits bound to: 20 - type: integer 
	Parameter Max bound to: 10000000 - type: integer 
INFO: [Synth 8-256] done synthesizing module 'TTrigger' (0#1) [C:/Users/patri/OneDrive/Documentos/vhdl/Integrador/Artix/IMain/IMain.srcs/sources_1/new/TTrigger.vhd:37]
WARNING: [Synth 8-614] signal 'r_cmd' is read in the process but is not in the sensitivity list [C:/Users/patri/OneDrive/Documentos/vhdl/Integrador/Artix/IMain/IMain.srcs/sources_1/new/CommProtRx.vhd:81]
WARNING: [Synth 8-614] signal 'r_data' is read in the process but is not in the sensitivity list [C:/Users/patri/OneDrive/Documentos/vhdl/Integrador/Artix/IMain/IMain.srcs/sources_1/new/CommProtRx.vhd:81]
WARNING: [Synth 8-614] signal 'piCPRxRx' is read in the process but is not in the sensitivity list [C:/Users/patri/OneDrive/Documentos/vhdl/Integrador/Artix/IMain/IMain.srcs/sources_1/new/CommProtRx.vhd:81]
INFO: [Synth 8-256] done synthesizing module 'CommProtRx' (0#1) [C:/Users/patri/OneDrive/Documentos/vhdl/Integrador/Artix/IMain/IMain.srcs/sources_1/new/CommProtRx.vhd:50]
INFO: [Synth 8-638] synthesizing module 'UaTx' [C:/Users/patri/OneDrive/Documentos/vhdl/Integrador/Artix/IMain/IMain.srcs/sources_1/new/UaTx.vhd:48]
	Parameter TxDIV bound to: 10416 - type: integer 
INFO: [Synth 8-638] synthesizing module 'BaudRateGen__parameterized0' [C:/Users/patri/OneDrive/Documentos/vhdl/Integrador/Artix/IMain/IMain.srcs/sources_1/new/BaudRateGen.vhd:39]
	Parameter NBits bound to: 14 - type: integer 
	Parameter Max bound to: 10416 - type: integer 
	Parameter First bound to: 10416 - type: integer 
INFO: [Synth 8-256] done synthesizing module 'BaudRateGen__parameterized0' (0#1) [C:/Users/patri/OneDrive/Documentos/vhdl/Integrador/Artix/IMain/IMain.srcs/sources_1/new/BaudRateGen.vhd:39]
WARNING: [Synth 8-614] signal 'txrdy' is read in the process but is not in the sensitivity list [C:/Users/patri/OneDrive/Documentos/vhdl/Integrador/Artix/IMain/IMain.srcs/sources_1/new/UaTx.vhd:89]
WARNING: [Synth 8-614] signal 'piUaTxData' is read in the process but is not in the sensitivity list [C:/Users/patri/OneDrive/Documentos/vhdl/Integrador/Artix/IMain/IMain.srcs/sources_1/new/UaTx.vhd:89]
WARNING: [Synth 8-614] signal 'latch' is read in the process but is not in the sensitivity list [C:/Users/patri/OneDrive/Documentos/vhdl/Integrador/Artix/IMain/IMain.srcs/sources_1/new/UaTx.vhd:89]
INFO: [Synth 8-256] done synthesizing module 'UaTx' (0#1) [C:/Users/patri/OneDrive/Documentos/vhdl/Integrador/Artix/IMain/IMain.srcs/sources_1/new/UaTx.vhd:48]
INFO: [Synth 8-638] synthesizing module 'DecodeCmd' [C:/Users/patri/OneDrive/Documentos/vhdl/Integrador/Artix/IMain/IMain.srcs/sources_1/new/DecodeCmd.vhd:54]
	Parameter POWER_SEL_WIDTH bound to: 7 - type: integer 
	Parameter CTRL_PERIOD bound to: 1000000 - type: integer 
INFO: [Synth 8-638] synthesizing module 'ModuleCounter' [C:/Users/patri/OneDrive/Documentos/vhdl/Integrador/Artix/IMain/IMain.srcs/sources_1/new/ModuleCounter.vhd:37]
	Parameter NBits bound to: 20 - type: integer 
	Parameter Max bound to: 1000000 - type: integer 
INFO: [Synth 8-256] done synthesizing module 'ModuleCounter' (0#1) [C:/Users/patri/OneDrive/Documentos/vhdl/Integrador/Artix/IMain/IMain.srcs/sources_1/new/ModuleCounter.vhd:37]
WARNING: [Synth 8-614] signal 'piDCMDCmd' is read in the process but is not in the sensitivity list [C:/Users/patri/OneDrive/Documentos/vhdl/Integrador/Artix/IMain/IMain.srcs/sources_1/new/DecodeCmd.vhd:87]
WARNING: [Synth 8-614] signal 'piDCMDData' is read in the process but is not in the sensitivity list [C:/Users/patri/OneDrive/Documentos/vhdl/Integrador/Artix/IMain/IMain.srcs/sources_1/new/DecodeCmd.vhd:87]
WARNING: [Synth 8-614] signal 'auto' is read in the process but is not in the sensitivity list [C:/Users/patri/OneDrive/Documentos/vhdl/Integrador/Artix/IMain/IMain.srcs/sources_1/new/DecodeCmd.vhd:87]
WARNING: [Synth 8-614] signal 'power' is read in the process but is not in the sensitivity list [C:/Users/patri/OneDrive/Documentos/vhdl/Integrador/Artix/IMain/IMain.srcs/sources_1/new/DecodeCmd.vhd:87]
INFO: [Synth 8-256] done synthesizing module 'DecodeCmd' (0#1) [C:/Users/patri/OneDrive/Documentos/vhdl/Integrador/Artix/IMain/IMain.srcs/sources_1/new/DecodeCmd.vhd:54]
INFO: [Synth 8-638] synthesizing module 'HBridgeCtrl' [C:/Users/patri/OneDrive/Documentos/vhdl/Integrador/Artix/IMain/IMain.srcs/sources_1/new/HBridgeCtrl.vhd:51]
	Parameter POWER_SEL_WIDTH bound to: 7 - type: integer 
	Parameter PWM_DIV bound to: 100 - type: integer 
	Parameter PWM_PERIOD bound to: 10000 - type: integer 
INFO: [Synth 8-638] synthesizing module 'ModuleCounter__parameterized0' [C:/Users/patri/OneDrive/Documentos/vhdl/Integrador/Artix/IMain/IMain.srcs/sources_1/new/ModuleCounter.vhd:37]
	Parameter NBits bound to: 20 - type: integer 
	Parameter Max bound to: 10000 - type: integer 
INFO: [Synth 8-256] done synthesizing module 'ModuleCounter__parameterized0' (0#1) [C:/Users/patri/OneDrive/Documentos/vhdl/Integrador/Artix/IMain/IMain.srcs/sources_1/new/ModuleCounter.vhd:37]
INFO: [Synth 8-638] synthesizing module 'PwmGen' [C:/Users/patri/OneDrive/Documentos/vhdl/Integrador/Artix/IMain/IMain.srcs/sources_1/new/PwmGen.vhd:47]
	Parameter PWM_WIDTH bound to: 7 - type: integer 
	Parameter ARR bound to: 100 - type: integer 
INFO: [Synth 8-256] done synthesizing module 'PwmGen' (0#1) [C:/Users/patri/OneDrive/Documentos/vhdl/Integrador/Artix/IMain/IMain.srcs/sources_1/new/PwmGen.vhd:47]
INFO: [Synth 8-256] done synthesizing module 'HBridgeCtrl' (0#1) [C:/Users/patri/OneDrive/Documentos/vhdl/Integrador/Artix/IMain/IMain.srcs/sources_1/new/HBridgeCtrl.vhd:51]
INFO: [Synth 8-638] synthesizing module 'ToDisplay' [C:/Users/patri/OneDrive/Documentos/vhdl/Integrador/Artix/IMain/IMain.srcs/sources_1/new/ToDisplay.vhd:48]
	Parameter POWER_SEL_WIDTH bound to: 7 - type: integer 
	Parameter Max bound to: 50000000 - type: integer 
INFO: [Synth 8-638] synthesizing module 'Counter' [C:/Users/patri/OneDrive/Documentos/vhdl/Integrador/Artix/IMain/IMain.srcs/sources_1/new/Counter.vhd:47]
	Parameter NBitsMax bound to: 28 - type: integer 
	Parameter NBitsVal bound to: 3 - type: integer 
	Parameter Max bound to: 50000000 - type: integer 
	Parameter NVal bound to: 6 - type: integer 
INFO: [Synth 8-256] done synthesizing module 'Counter' (0#1) [C:/Users/patri/OneDrive/Documentos/vhdl/Integrador/Artix/IMain/IMain.srcs/sources_1/new/Counter.vhd:47]
WARNING: [Synth 8-614] signal 'cv' is read in the process but is not in the sensitivity list [C:/Users/patri/OneDrive/Documentos/vhdl/Integrador/Artix/IMain/IMain.srcs/sources_1/new/ToDisplay.vhd:58]
WARNING: [Synth 8-614] signal 'piTDPowerMD' is read in the process but is not in the sensitivity list [C:/Users/patri/OneDrive/Documentos/vhdl/Integrador/Artix/IMain/IMain.srcs/sources_1/new/ToDisplay.vhd:58]
WARNING: [Synth 8-614] signal 'piTDPowerMI' is read in the process but is not in the sensitivity list [C:/Users/patri/OneDrive/Documentos/vhdl/Integrador/Artix/IMain/IMain.srcs/sources_1/new/ToDisplay.vhd:58]
WARNING: [Synth 8-614] signal 'piTDMode' is read in the process but is not in the sensitivity list [C:/Users/patri/OneDrive/Documentos/vhdl/Integrador/Artix/IMain/IMain.srcs/sources_1/new/ToDisplay.vhd:58]
INFO: [Synth 8-256] done synthesizing module 'ToDisplay' (0#1) [C:/Users/patri/OneDrive/Documentos/vhdl/Integrador/Artix/IMain/IMain.srcs/sources_1/new/ToDisplay.vhd:48]
INFO: [Synth 8-638] synthesizing module 'HexToSevSeg' [C:/Users/patri/OneDrive/Documentos/vhdl/Integrador/Artix/IMain/IMain.srcs/sources_1/new/HexToSevSeg.vhd:30]
INFO: [Synth 8-256] done synthesizing module 'HexToSevSeg' (0#1) [C:/Users/patri/OneDrive/Documentos/vhdl/Integrador/Artix/IMain/IMain.srcs/sources_1/new/HexToSevSeg.vhd:30]
INFO: [Synth 8-638] synthesizing module 'TTrigger__parameterized0' [C:/Users/patri/OneDrive/Documentos/vhdl/Integrador/Artix/IMain/IMain.srcs/sources_1/new/TTrigger.vhd:37]
	Parameter NBits bound to: 24 - type: integer 
	Parameter Max bound to: 10000000 - type: integer 
INFO: [Synth 8-256] done synthesizing module 'TTrigger__parameterized0' (0#1) [C:/Users/patri/OneDrive/Documentos/vhdl/Integrador/Artix/IMain/IMain.srcs/sources_1/new/TTrigger.vhd:37]
INFO: [Synth 8-256] done synthesizing module 'IMain' (0#1) [C:/Users/patri/OneDrive/Documentos/vhdl/Integrador/Artix/IMain/IMain.srcs/sources_1/new/IMain.vhd:51]
WARNING: [Synth 8-3936] Found unconnected internal register 'r_Data_reg' and it is trimmed from '16' to '12' bits. [C:/Users/patri/OneDrive/Documentos/vhdl/Integrador/Artix/IMain/IMain.srcs/sources_1/new/DecodeCmd.vhd:91]
WARNING: [Synth 8-5787] Register poDCMDSetMD_reg in module DecodeCmd is clocked by two different clocks in the same process. This may cause simulation mismatches and synthesis errors. Consider using different process statements  [C:/Users/patri/OneDrive/Documentos/vhdl/Integrador/Artix/IMain/IMain.srcs/sources_1/new/DecodeCmd.vhd:93]
WARNING: [Synth 8-5787] Register poDCMDSetMI_reg in module DecodeCmd is clocked by two different clocks in the same process. This may cause simulation mismatches and synthesis errors. Consider using different process statements  [C:/Users/patri/OneDrive/Documentos/vhdl/Integrador/Artix/IMain/IMain.srcs/sources_1/new/DecodeCmd.vhd:94]
WARNING: [Synth 8-7129] Port piDCMDEna in module DecodeCmd is either unconnected or has no load
WARNING: [Synth 8-7129] Port piDCMDData[15] in module DecodeCmd is either unconnected or has no load
WARNING: [Synth 8-7129] Port piDCMDData[14] in module DecodeCmd is either unconnected or has no load
WARNING: [Synth 8-7129] Port piDCMDData[13] in module DecodeCmd is either unconnected or has no load
WARNING: [Synth 8-7129] Port piDCMDData[12] in module DecodeCmd is either unconnected or has no load
WARNING: [Synth 8-7129] Port piDCMDData[7] in module DecodeCmd is either unconnected or has no load
WARNING: [Synth 8-7129] Port piDCMDData[6] in module DecodeCmd is either unconnected or has no load
WARNING: [Synth 8-7129] Port piDCMDData[5] in module DecodeCmd is either unconnected or has no load
WARNING: [Synth 8-7129] Port piDCMDData[4] in module DecodeCmd is either unconnected or has no load
---------------------------------------------------------------------------------
Finished RTL Elaboration : Time (s): cpu = 00:00:07 ; elapsed = 00:00:08 . Memory (MB): peak = 1495.797 ; gain = 564.195
---------------------------------------------------------------------------------
---------------------------------------------------------------------------------
Start Handling Custom Attributes
---------------------------------------------------------------------------------
---------------------------------------------------------------------------------
Finished Handling Custom Attributes : Time (s): cpu = 00:00:07 ; elapsed = 00:00:08 . Memory (MB): peak = 1495.797 ; gain = 564.195
---------------------------------------------------------------------------------
---------------------------------------------------------------------------------
Finished RTL Optimization Phase 1 : Time (s): cpu = 00:00:07 ; elapsed = 00:00:08 . Memory (MB): peak = 1495.797 ; gain = 564.195
---------------------------------------------------------------------------------
Netlist sorting complete. Time (s): cpu = 00:00:00 ; elapsed = 00:00:00.008 . Memory (MB): peak = 1495.797 ; gain = 0.000
INFO: [Project 1-570] Preparing netlist for logic optimization

Processing XDC Constraints
Initializing timing engine
Parsing XDC File [C:/Users/patri/OneDrive/Documentos/vhdl/Integrador/Artix/IMain/IMain.srcs/constrs_1/new/IMain.xdc]
Finished Parsing XDC File [C:/Users/patri/OneDrive/Documentos/vhdl/Integrador/Artix/IMain/IMain.srcs/constrs_1/new/IMain.xdc]
INFO: [Project 1-236] Implementation specific constraints were found while reading constraint file [C:/Users/patri/OneDrive/Documentos/vhdl/Integrador/Artix/IMain/IMain.srcs/constrs_1/new/IMain.xdc]. These constraints will be ignored for synthesis but will be used in implementation. Impacted constraints are listed in the file [.Xil/IMain_propImpl.xdc].
Resolution: To avoid this warning, move constraints listed in [.Xil/IMain_propImpl.xdc] to another XDC file and exclude this new file from synthesis with the used_in_synthesis property (File Properties dialog in GUI) and re-run elaboration/synthesis.
Completed Processing XDC Constraints

Netlist sorting complete. Time (s): cpu = 00:00:00 ; elapsed = 00:00:00 . Memory (MB): peak = 1594.227 ; gain = 0.000
INFO: [Project 1-111] Unisim Transformation Summary:
No Unisim elements were transformed.

Constraint Validation Runtime : Time (s): cpu = 00:00:00 ; elapsed = 00:00:00.009 . Memory (MB): peak = 1594.227 ; gain = 0.000
INFO: [Designutils 20-5440] No compile time benefit to using incremental synthesis; A full resynthesis will be run
INFO: [Designutils 20-4379] Flow is switching to default flow due to incremental criteria not met. If you would like to alter this behaviour and have the flow terminate instead, please set the following parameter config_implementation {autoIncr.Synth.RejectBehavior Terminate}
---------------------------------------------------------------------------------
Finished Constraint Validation : Time (s): cpu = 00:00:15 ; elapsed = 00:00:17 . Memory (MB): peak = 1594.227 ; gain = 662.625
---------------------------------------------------------------------------------
---------------------------------------------------------------------------------
Start Loading Part and Timing Information
---------------------------------------------------------------------------------
Loading part: xc7a100tcsg324-1
---------------------------------------------------------------------------------
Finished Loading Part and Timing Information : Time (s): cpu = 00:00:15 ; elapsed = 00:00:17 . Memory (MB): peak = 1594.227 ; gain = 662.625
---------------------------------------------------------------------------------
---------------------------------------------------------------------------------
Start Applying 'set_property' XDC Constraints
---------------------------------------------------------------------------------
---------------------------------------------------------------------------------
Finished applying 'set_property' XDC Constraints : Time (s): cpu = 00:00:15 ; elapsed = 00:00:17 . Memory (MB): peak = 1594.227 ; gain = 662.625
---------------------------------------------------------------------------------
INFO: [Synth 8-802] inferred FSM for state register 'state_reg' in module 'UaRx'
INFO: [Synth 8-802] inferred FSM for state register 'state_reg' in module 'CommProtRx'
INFO: [Synth 8-802] inferred FSM for state register 'state_reg' in module 'UaTx'
WARNING: [Synth 8-3936] Found unconnected internal register 'avg_power_reg' and it is trimmed from '8' to '7' bits. [C:/Users/patri/OneDrive/Documentos/vhdl/Integrador/Artix/IMain/IMain.srcs/sources_1/new/DecodeCmd.vhd:111]
---------------------------------------------------------------------------------------------------
                   State |                     New Encoding |                Previous Encoding 
---------------------------------------------------------------------------------------------------
                      s0 |                      00000000001 |                             0000
                      s1 |                      00000000010 |                             0001
                      s2 |                      00000000100 |                             0010
                      s3 |                      00000001000 |                             0011
                      s4 |                      00000010000 |                             0100
                      s5 |                      00000100000 |                             0101
                      s6 |                      00001000000 |                             0110
                      s7 |                      00010000000 |                             0111
                      s8 |                      00100000000 |                             1000
                      s9 |                      01000000000 |                             1001
                     s10 |                      10000000000 |                             1010
---------------------------------------------------------------------------------------------------
INFO: [Synth 8-3354] encoded FSM with state register 'state_reg' using encoding 'one-hot' in module 'UaRx'
---------------------------------------------------------------------------------------------------
                   State |                     New Encoding |                Previous Encoding 
---------------------------------------------------------------------------------------------------
                      s0 |                              000 |                              000
                      s1 |                              001 |                              001
                      s2 |                              010 |                              010
                      s3 |                              011 |                              011
                      s4 |                              100 |                              100
---------------------------------------------------------------------------------------------------
INFO: [Synth 8-3354] encoded FSM with state register 'state_reg' using encoding 'sequential' in module 'CommProtRx'
---------------------------------------------------------------------------------------------------
                   State |                     New Encoding |                Previous Encoding 
---------------------------------------------------------------------------------------------------
                      s0 |                     000000000001 |                             0000
                      s1 |                     000000000010 |                             0001
                      s2 |                     000000000100 |                             0010
                      s3 |                     000000001000 |                             0011
                      s4 |                     000000010000 |                             0100
                      s5 |                     000000100000 |                             0101
                      s6 |                     000001000000 |                             0110
                      s7 |                     000010000000 |                             0111
                      s8 |                     000100000000 |                             1000
                      s9 |                     001000000000 |                             1001
                     s10 |                     010000000000 |                             1010
                     s11 |                     100000000000 |                             1011
---------------------------------------------------------------------------------------------------
INFO: [Synth 8-3354] encoded FSM with state register 'state_reg' using encoding 'one-hot' in module 'UaTx'
WARNING: [Synth 8-327] inferring latch for variable 'latch_reg' [C:/Users/patri/OneDrive/Documentos/vhdl/Integrador/Artix/IMain/IMain.srcs/sources_1/new/UaTx.vhd:101]
WARNING: [Synth 8-327] inferring latch for variable 'txrdy_reg' [C:/Users/patri/OneDrive/Documentos/vhdl/Integrador/Artix/IMain/IMain.srcs/sources_1/new/UaTx.vhd:94]
---------------------------------------------------------------------------------
Finished RTL Optimization Phase 2 : Time (s): cpu = 00:00:16 ; elapsed = 00:00:19 . Memory (MB): peak = 1594.227 ; gain = 662.625
---------------------------------------------------------------------------------
---------------------------------------------------------------------------------
Start RTL Component Statistics 
---------------------------------------------------------------------------------
Detailed RTL Component Info : 
+---Adders : 
	   2 Input   28 Bit       Adders := 1     
	   2 Input   20 Bit       Adders := 3     
	   2 Input   14 Bit       Adders := 2     
	   2 Input    8 Bit       Adders := 2     
	   2 Input    7 Bit       Adders := 2     
	   2 Input    3 Bit       Adders := 1     
+---Registers : 
	               28 Bit    Registers := 1     
	               20 Bit    Registers := 3     
	               16 Bit    Registers := 1     
	               14 Bit    Registers := 2     
	                8 Bit    Registers := 4     
	                7 Bit    Registers := 7     
	                4 Bit    Registers := 1     
	                3 Bit    Registers := 1     
	                1 Bit    Registers := 15    
+---Muxes : 
	   5 Input   16 Bit        Muxes := 2     
	   2 Input   16 Bit        Muxes := 1     
	  12 Input   12 Bit        Muxes := 1     
	   2 Input   12 Bit        Muxes := 12    
	  11 Input   11 Bit        Muxes := 1     
	   2 Input   11 Bit        Muxes := 2     
	  11 Input    8 Bit        Muxes := 2     
	   2 Input    8 Bit        Muxes := 3     
	   2 Input    7 Bit        Muxes := 2     
	   2 Input    4 Bit        Muxes := 2     
	   7 Input    4 Bit        Muxes := 1     
	   4 Input    4 Bit        Muxes := 1     
	   5 Input    3 Bit        Muxes := 1     
	   2 Input    3 Bit        Muxes := 3     
	   3 Input    2 Bit        Muxes := 2     
	  11 Input    1 Bit        Muxes := 3     
	   5 Input    1 Bit        Muxes := 2     
	  12 Input    1 Bit        Muxes := 3     
	   2 Input    1 Bit        Muxes := 18    
	   3 Input    1 Bit        Muxes := 1     
	   4 Input    1 Bit        Muxes := 6     
---------------------------------------------------------------------------------
Finished RTL Component Statistics 
---------------------------------------------------------------------------------
---------------------------------------------------------------------------------
Start Part Resource Summary
---------------------------------------------------------------------------------
Part Resources:
DSPs: 240 (col length:80)
BRAMs: 270 (col length: RAMB18 80 RAMB36 40)
---------------------------------------------------------------------------------
Finished Part Resource Summary
---------------------------------------------------------------------------------
---------------------------------------------------------------------------------
Start Cross Boundary and Area Optimization
---------------------------------------------------------------------------------
WARNING: [Synth 8-7080] Parallel synthesis criteria is not met
WARNING: [Synth 8-7129] Port piDCMDEna in module DecodeCmd is either unconnected or has no load
WARNING: [Synth 8-7129] Port piDCMDData[15] in module DecodeCmd is either unconnected or has no load
WARNING: [Synth 8-7129] Port piDCMDData[14] in module DecodeCmd is either unconnected or has no load
WARNING: [Synth 8-7129] Port piDCMDData[13] in module DecodeCmd is either unconnected or has no load
WARNING: [Synth 8-7129] Port piDCMDData[12] in module DecodeCmd is either unconnected or has no load
WARNING: [Synth 8-7129] Port piDCMDData[7] in module DecodeCmd is either unconnected or has no load
WARNING: [Synth 8-7129] Port piDCMDData[6] in module DecodeCmd is either unconnected or has no load
WARNING: [Synth 8-7129] Port piDCMDData[5] in module DecodeCmd is either unconnected or has no load
WARNING: [Synth 8-7129] Port piDCMDData[4] in module DecodeCmd is either unconnected or has no load
---------------------------------------------------------------------------------
Finished Cross Boundary and Area Optimization : Time (s): cpu = 00:00:21 ; elapsed = 00:00:25 . Memory (MB): peak = 1594.227 ; gain = 662.625
---------------------------------------------------------------------------------
---------------------------------------------------------------------------------
Start ROM, RAM, DSP, Shift Register and Retiming Reporting
---------------------------------------------------------------------------------

ROM: Preliminary Mapping Report
+------------+---------------+---------------+----------------+
|Module Name | RTL Object    | Depth x Width | Implemented As | 
+------------+---------------+---------------+----------------+
|HexToSevSeg | poHTSSSOutput | 32x7          | LUT            | 
+------------+---------------+---------------+----------------+

---------------------------------------------------------------------------------
Finished ROM, RAM, DSP, Shift Register and Retiming Reporting
---------------------------------------------------------------------------------
---------------------------------------------------------------------------------
Start Applying XDC Timing Constraints
---------------------------------------------------------------------------------
---------------------------------------------------------------------------------
Finished Applying XDC Timing Constraints : Time (s): cpu = 00:00:27 ; elapsed = 00:00:31 . Memory (MB): peak = 1594.227 ; gain = 662.625
---------------------------------------------------------------------------------
---------------------------------------------------------------------------------
Start Timing Optimization
---------------------------------------------------------------------------------
---------------------------------------------------------------------------------
Finished Timing Optimization : Time (s): cpu = 00:00:29 ; elapsed = 00:00:33 . Memory (MB): peak = 1594.227 ; gain = 662.625
---------------------------------------------------------------------------------
---------------------------------------------------------------------------------
Start Technology Mapping
---------------------------------------------------------------------------------
---------------------------------------------------------------------------------
Finished Technology Mapping : Time (s): cpu = 00:00:29 ; elapsed = 00:00:33 . Memory (MB): peak = 1594.227 ; gain = 662.625
---------------------------------------------------------------------------------
---------------------------------------------------------------------------------
Start IO Insertion
---------------------------------------------------------------------------------
---------------------------------------------------------------------------------
Start Flattening Before IO Insertion
---------------------------------------------------------------------------------
---------------------------------------------------------------------------------
Finished Flattening Before IO Insertion
---------------------------------------------------------------------------------
---------------------------------------------------------------------------------
Start Final Netlist Cleanup
---------------------------------------------------------------------------------
---------------------------------------------------------------------------------
Finished Final Netlist Cleanup
---------------------------------------------------------------------------------
---------------------------------------------------------------------------------
Finished IO Insertion : Time (s): cpu = 00:00:35 ; elapsed = 00:00:39 . Memory (MB): peak = 1594.227 ; gain = 662.625
---------------------------------------------------------------------------------
---------------------------------------------------------------------------------
Start Renaming Generated Instances
---------------------------------------------------------------------------------
---------------------------------------------------------------------------------
Finished Renaming Generated Instances : Time (s): cpu = 00:00:35 ; elapsed = 00:00:39 . Memory (MB): peak = 1594.227 ; gain = 662.625
---------------------------------------------------------------------------------
---------------------------------------------------------------------------------
Start Rebuilding User Hierarchy
---------------------------------------------------------------------------------
---------------------------------------------------------------------------------
Finished Rebuilding User Hierarchy : Time (s): cpu = 00:00:35 ; elapsed = 00:00:39 . Memory (MB): peak = 1594.227 ; gain = 662.625
---------------------------------------------------------------------------------
---------------------------------------------------------------------------------
Start Renaming Generated Ports
---------------------------------------------------------------------------------
---------------------------------------------------------------------------------
Finished Renaming Generated Ports : Time (s): cpu = 00:00:35 ; elapsed = 00:00:39 . Memory (MB): peak = 1594.227 ; gain = 662.625
---------------------------------------------------------------------------------
---------------------------------------------------------------------------------
Start Handling Custom Attributes
---------------------------------------------------------------------------------
---------------------------------------------------------------------------------
Finished Handling Custom Attributes : Time (s): cpu = 00:00:35 ; elapsed = 00:00:39 . Memory (MB): peak = 1594.227 ; gain = 662.625
---------------------------------------------------------------------------------
---------------------------------------------------------------------------------
Start Renaming Generated Nets
---------------------------------------------------------------------------------
---------------------------------------------------------------------------------
Finished Renaming Generated Nets : Time (s): cpu = 00:00:35 ; elapsed = 00:00:39 . Memory (MB): peak = 1594.227 ; gain = 662.625
---------------------------------------------------------------------------------
---------------------------------------------------------------------------------
Start Writing Synthesis Report
---------------------------------------------------------------------------------

Report BlackBoxes: 
+-+--------------+----------+
| |BlackBox name |Instances |
+-+--------------+----------+
+-+--------------+----------+

Report Cell Usage: 
+------+-------+------+
|      |Cell   |Count |
+------+-------+------+
|1     |BUFG   |     1|
|2     |CARRY4 |    43|
|3     |LUT1   |    38|
|4     |LUT2   |   102|
|5     |LUT3   |    41|
|6     |LUT4   |    86|
|7     |LUT5   |    43|
|8     |LUT6   |   134|
|9     |FDCE   |   181|
|10    |FDPE   |    16|
|11    |FDRE   |    99|
|12    |FDSE   |    15|
|13    |LD     |     9|
|14    |LDC    |     9|
|15    |IBUF   |     8|
|16    |OBUF   |    16|
+------+-------+------+
---------------------------------------------------------------------------------
Finished Writing Synthesis Report : Time (s): cpu = 00:00:35 ; elapsed = 00:00:39 . Memory (MB): peak = 1594.227 ; gain = 662.625
---------------------------------------------------------------------------------
Synthesis finished with 0 errors, 0 critical warnings and 13 warnings.
Synthesis Optimization Runtime : Time (s): cpu = 00:00:26 ; elapsed = 00:00:37 . Memory (MB): peak = 1594.227 ; gain = 564.195
Synthesis Optimization Complete : Time (s): cpu = 00:00:35 ; elapsed = 00:00:39 . Memory (MB): peak = 1594.227 ; gain = 662.625
INFO: [Project 1-571] Translating synthesized netlist
Netlist sorting complete. Time (s): cpu = 00:00:00 ; elapsed = 00:00:00.007 . Memory (MB): peak = 1594.227 ; gain = 0.000
INFO: [Netlist 29-17] Analyzing 61 Unisim elements for replacement
INFO: [Netlist 29-28] Unisim Transformation completed in 0 CPU seconds
INFO: [Project 1-570] Preparing netlist for logic optimization
INFO: [Opt 31-138] Pushed 0 inverter(s) to 0 load pin(s).
Netlist sorting complete. Time (s): cpu = 00:00:00 ; elapsed = 00:00:00 . Memory (MB): peak = 1594.227 ; gain = 0.000
INFO: [Project 1-111] Unisim Transformation Summary:
  A total of 18 instances were transformed.
  LD => LDCE: 9 instances
  LDC => LDCE: 9 instances

Synth Design complete | Checksum: f15b1166
INFO: [Common 17-83] Releasing license: Synthesis
60 Infos, 40 Warnings, 0 Critical Warnings and 0 Errors encountered.
synth_design completed successfully
synth_design: Time (s): cpu = 00:00:40 ; elapsed = 00:00:45 . Memory (MB): peak = 1594.227 ; gain = 1081.684
Write ShapeDB Complete: Time (s): cpu = 00:00:00 ; elapsed = 00:00:00.003 . Memory (MB): peak = 1594.227 ; gain = 0.000
INFO: [Common 17-1381] The checkpoint 'C:/Users/patri/OneDrive/Documentos/vhdl/Integrador/Artix/IMain/IMain.runs/synth_1/IMain.dcp' has been generated.
INFO: [Vivado 12-24828] Executing command : report_utilization -file IMain_utilization_synth.rpt -pb IMain_utilization_synth.pb
INFO: [Common 17-206] Exiting Vivado at Thu Dec  5 19:06:04 2024...
